<?xml version="1.0" encoding="UTF-8"?>
<!-- Generated by org.testng.reporters.JUnitReportReporter -->
<testsuite skipped="0" hostname="Bikashs-MacBook-Pro.local" name="testCases.GETReadAllProducts" tests="1" failures="0" timestamp="16 Apr 2021 18:24:11 GMT" time="2.415" errors="0">
  <testcase name="readAllProducts" time="2.415" classname="testCases.GETReadAllProducts"/>
</testsuite> <!-- testCases.GETReadAllProducts -->
