<?xml version="1.0" encoding="UTF-8"?>
<!-- Generated by org.testng.reporters.JUnitReportReporter -->
<testsuite skipped="0" hostname="Bikashs-MacBook-Pro.local" name="testCases.POSTCreateAProducts" tests="1" failures="0" timestamp="16 Apr 2021 19:44:33 GMT" time="2.079" errors="0">
  <testcase name="createAProduct" time="2.079" classname="testCases.POSTCreateAProducts"/>
</testsuite> <!-- testCases.POSTCreateAProducts -->
